app/build/intermediates/manifest_merge_blame_file/debug/manifest-merger-blame-debug-report.txt
1<?xml version="1.0" encoding="utf-8"?>
2<manifest xmlns:android="http://schemas.android.com/apk/res/android"
3    package="com.example.gpssimulator"
4    android:versionCode="1"
5    android:versionName="1.0" >
6
7    <uses-sdk
8        android:minSdkVersion="24"
9        android:targetSdkVersion="34" />
10
11    <!-- Location permissions -->
12    <uses-permission android:name="android.permission.ACCESS_FINE_LOCATION" />
12-->src/main/AndroidManifest.xml:6:5-79
12-->src/main/AndroidManifest.xml:6:22-76
13    <uses-permission android:name="android.permission.ACCESS_COARSE_LOCATION" />
13-->src/main/AndroidManifest.xml:7:5-81
13-->src/main/AndroidManifest.xml:7:22-78
14    <uses-permission android:name="android.permission.ACCESS_BACKGROUND_LOCATION" />
14-->src/main/AndroidManifest.xml:8:5-85
14-->src/main/AndroidManifest.xml:8:22-82
15    <uses-permission android:name="android.permission.FOREGROUND_SERVICE" />
15-->src/main/AndroidManifest.xml:9:5-77
15-->src/main/AndroidManifest.xml:9:22-74
16    <uses-permission android:name="android.permission.INTERNET" />
16-->src/main/AndroidManifest.xml:10:5-67
16-->src/main/AndroidManifest.xml:10:22-64
17    <uses-permission android:name="android.permission.ACCESS_NETWORK_STATE" />
17-->src/main/AndroidManifest.xml:11:5-79
17-->src/main/AndroidManifest.xml:11:22-76
18    <uses-permission android:name="android.permission.WAKE_LOCK" />
18-->src/main/AndroidManifest.xml:12:5-68
18-->src/main/AndroidManifest.xml:12:22-65
19    <uses-permission android:name="android.permission.WRITE_EXTERNAL_STORAGE" />
19-->src/main/AndroidManifest.xml:13:5-81
19-->src/main/AndroidManifest.xml:13:22-78
20    <uses-permission android:name="android.permission.READ_EXTERNAL_STORAGE" />
20-->src/main/AndroidManifest.xml:14:5-80
20-->src/main/AndroidManifest.xml:14:22-77
21    <uses-permission android:name="android.permission.ACCESS_MOCK_LOCATION" />
21-->src/main/AndroidManifest.xml:15:5-17:60
21-->src/main/AndroidManifest.xml:16:9-63
22
23    <permission
23-->[androidx.core:core:1.12.0] AndroidManifest.xml:22:5-24:47
24        android:name="com.example.gpssimulator.DYNAMIC_RECEIVER_NOT_EXPORTED_PERMISSION"
24-->[androidx.core:core:1.12.0] AndroidManifest.xml:23:9-81
25        android:protectionLevel="signature" />
25-->[androidx.core:core:1.12.0] AndroidManifest.xml:24:9-44
26
27    <uses-permission android:name="com.example.gpssimulator.DYNAMIC_RECEIVER_NOT_EXPORTED_PERMISSION" />
27-->[androidx.core:core:1.12.0] AndroidManifest.xml:26:5-97
27-->[androidx.core:core:1.12.0] AndroidManifest.xml:26:22-94
28
29    <supports-screens
29-->[org.osmdroid:osmdroid-android:6.1.16] AndroidManifest.xml:9:5-12:40
30        android:anyDensity="true"
30-->[org.osmdroid:osmdroid-android:6.1.16] AndroidManifest.xml:10:9-34
31        android:largeScreens="true"
31-->[org.osmdroid:osmdroid-android:6.1.16] AndroidManifest.xml:11:9-36
32        android:normalScreens="true" />
32-->[org.osmdroid:osmdroid-android:6.1.16] AndroidManifest.xml:12:9-37
33
34    <uses-feature
34-->[org.osmdroid:osmdroid-android:6.1.16] AndroidManifest.xml:14:5-16:36
35        android:name="android.hardware.location.network"
35-->[org.osmdroid:osmdroid-android:6.1.16] AndroidManifest.xml:15:9-57
36        android:required="false" />
36-->[org.osmdroid:osmdroid-android:6.1.16] AndroidManifest.xml:16:9-33
37    <uses-feature
37-->[org.osmdroid:osmdroid-android:6.1.16] AndroidManifest.xml:17:5-19:36
38        android:name="android.hardware.location.gps"
38-->[org.osmdroid:osmdroid-android:6.1.16] AndroidManifest.xml:18:9-53
39        android:required="false" />
39-->[org.osmdroid:osmdroid-android:6.1.16] AndroidManifest.xml:19:9-33
40    <uses-feature
40-->[org.osmdroid:osmdroid-android:6.1.16] AndroidManifest.xml:20:5-22:36
41        android:name="android.hardware.telephony"
41-->[org.osmdroid:osmdroid-android:6.1.16] AndroidManifest.xml:21:9-50
42        android:required="false" />
42-->[org.osmdroid:osmdroid-android:6.1.16] AndroidManifest.xml:22:9-33
43    <uses-feature
43-->[org.osmdroid:osmdroid-android:6.1.16] AndroidManifest.xml:23:5-25:36
44        android:name="android.hardware.wifi"
44-->[org.osmdroid:osmdroid-android:6.1.16] AndroidManifest.xml:24:9-45
45        android:required="false" />
45-->[org.osmdroid:osmdroid-android:6.1.16] AndroidManifest.xml:25:9-33
46
47    <application
47-->src/main/AndroidManifest.xml:19:5-58:19
48        android:name="com.gpssimulator.GPSimulatorApp"
48-->src/main/AndroidManifest.xml:20:9-39
49        android:allowBackup="true"
49-->src/main/AndroidManifest.xml:21:9-35
50        android:appComponentFactory="androidx.core.app.CoreComponentFactory"
50-->[androidx.core:core:1.12.0] AndroidManifest.xml:28:18-86
51        android:dataExtractionRules="@xml/data_extraction_rules"
51-->src/main/AndroidManifest.xml:23:9-65
52        android:debuggable="true"
53        android:extractNativeLibs="false"
54        android:fullBackupContent="@xml/backup_rules"
54-->src/main/AndroidManifest.xml:24:9-54
55        android:fullBackupOnly="false"
55-->[mil.nga.geopackage:geopackage-android:6.6.0] AndroidManifest.xml:12:9-39
56        android:icon="@mipmap/ic_launcher"
56-->src/main/AndroidManifest.xml:25:9-43
57        android:label="@string/app_name"
57-->src/main/AndroidManifest.xml:26:9-41
58        android:roundIcon="@mipmap/ic_launcher_round"
58-->src/main/AndroidManifest.xml:27:9-54
59        android:supportsRtl="true"
59-->src/main/AndroidManifest.xml:28:9-35
60        android:theme="@style/Theme.GPSSimulator"
60-->src/main/AndroidManifest.xml:29:9-50
61        android:usesCleartextTraffic="true" >
61-->[mil.nga.geopackage:geopackage-android:6.6.0] AndroidManifest.xml:14:9-44
62        <activity
62-->src/main/AndroidManifest.xml:32:9-40:20
63            android:name="com.gpssimulator.ui.main.MainActivity"
63-->src/main/AndroidManifest.xml:33:13-49
64            android:exported="true"
64-->src/main/AndroidManifest.xml:34:13-36
65            android:theme="@style/Theme.GPSSimulator" >
65-->src/main/AndroidManifest.xml:35:13-54
66            <intent-filter>
66-->src/main/AndroidManifest.xml:36:13-39:29
67                <action android:name="android.intent.action.MAIN" />
67-->src/main/AndroidManifest.xml:37:17-69
67-->src/main/AndroidManifest.xml:37:25-66
68
69                <category android:name="android.intent.category.LAUNCHER" />
69-->src/main/AndroidManifest.xml:38:17-77
69-->src/main/AndroidManifest.xml:38:27-74
70            </intent-filter>
71        </activity>
72        <activity
72-->src/main/AndroidManifest.xml:42:9-45:57
73            android:name="com.gpssimulator.ui.history.HistoryActivity"
73-->src/main/AndroidManifest.xml:43:13-55
74            android:exported="false"
74-->src/main/AndroidManifest.xml:44:13-37
75            android:theme="@style/Theme.GPSSimulator" />
75-->src/main/AndroidManifest.xml:45:13-54
76        <activity
76-->src/main/AndroidManifest.xml:47:9-50:57
77            android:name="com.gpssimulator.ui.settings.SettingsActivity"
77-->src/main/AndroidManifest.xml:48:13-57
78            android:exported="false"
78-->src/main/AndroidManifest.xml:49:13-37
79            android:theme="@style/Theme.GPSSimulator" />
79-->src/main/AndroidManifest.xml:50:13-54
80
81        <service
81-->src/main/AndroidManifest.xml:52:9-56:56
82            android:name="com.gpssimulator.service.LocationSimulationService"
82-->src/main/AndroidManifest.xml:53:13-62
83            android:enabled="true"
83-->src/main/AndroidManifest.xml:54:13-35
84            android:exported="false"
84-->src/main/AndroidManifest.xml:55:13-37
85            android:foregroundServiceType="location" />
85-->src/main/AndroidManifest.xml:56:13-53
86
87        <activity
87-->[com.google.android.gms:play-services-base:18.3.0] AndroidManifest.xml:20:9-22:45
88            android:name="com.google.android.gms.common.api.GoogleApiActivity"
88-->[com.google.android.gms:play-services-base:18.3.0] AndroidManifest.xml:20:19-85
89            android:exported="false"
89-->[com.google.android.gms:play-services-base:18.3.0] AndroidManifest.xml:22:19-43
90            android:theme="@android:style/Theme.Translucent.NoTitleBar" />
90-->[com.google.android.gms:play-services-base:18.3.0] AndroidManifest.xml:21:19-78
91
92        <meta-data
92-->[com.google.android.gms:play-services-basement:18.3.0] AndroidManifest.xml:21:9-23:69
93            android:name="com.google.android.gms.version"
93-->[com.google.android.gms:play-services-basement:18.3.0] AndroidManifest.xml:22:13-58
94            android:value="@integer/google_play_services_version" />
94-->[com.google.android.gms:play-services-basement:18.3.0] AndroidManifest.xml:23:13-66
95
96        <provider
96-->[androidx.emoji2:emoji2:1.2.0] AndroidManifest.xml:24:9-32:20
97            android:name="androidx.startup.InitializationProvider"
97-->[androidx.emoji2:emoji2:1.2.0] AndroidManifest.xml:25:13-67
98            android:authorities="com.example.gpssimulator.androidx-startup"
98-->[androidx.emoji2:emoji2:1.2.0] AndroidManifest.xml:26:13-68
99            android:exported="false" >
99-->[androidx.emoji2:emoji2:1.2.0] AndroidManifest.xml:27:13-37
100            <meta-data
100-->[androidx.emoji2:emoji2:1.2.0] AndroidManifest.xml:29:13-31:52
101                android:name="androidx.emoji2.text.EmojiCompatInitializer"
101-->[androidx.emoji2:emoji2:1.2.0] AndroidManifest.xml:30:17-75
102                android:value="androidx.startup" />
102-->[androidx.emoji2:emoji2:1.2.0] AndroidManifest.xml:31:17-49
103            <meta-data
103-->[androidx.lifecycle:lifecycle-process:2.7.0] AndroidManifest.xml:29:13-31:52
104                android:name="androidx.lifecycle.ProcessLifecycleInitializer"
104-->[androidx.lifecycle:lifecycle-process:2.7.0] AndroidManifest.xml:30:17-78
105                android:value="androidx.startup" />
105-->[androidx.lifecycle:lifecycle-process:2.7.0] AndroidManifest.xml:31:17-49
106            <meta-data
106-->[androidx.profileinstaller:profileinstaller:1.3.0] AndroidManifest.xml:29:13-31:52
107                android:name="androidx.profileinstaller.ProfileInstallerInitializer"
107-->[androidx.profileinstaller:profileinstaller:1.3.0] AndroidManifest.xml:30:17-85
108                android:value="androidx.startup" />
108-->[androidx.profileinstaller:profileinstaller:1.3.0] AndroidManifest.xml:31:17-49
109        </provider>
110
111        <service
111-->[androidx.room:room-runtime:2.6.1] AndroidManifest.xml:24:9-28:63
112            android:name="androidx.room.MultiInstanceInvalidationService"
112-->[androidx.room:room-runtime:2.6.1] AndroidManifest.xml:25:13-74
113            android:directBootAware="true"
113-->[androidx.room:room-runtime:2.6.1] AndroidManifest.xml:26:13-43
114            android:exported="false" />
114-->[androidx.room:room-runtime:2.6.1] AndroidManifest.xml:27:13-37
115
116        <receiver
116-->[androidx.profileinstaller:profileinstaller:1.3.0] AndroidManifest.xml:34:9-52:20
117            android:name="androidx.profileinstaller.ProfileInstallReceiver"
117-->[androidx.profileinstaller:profileinstaller:1.3.0] AndroidManifest.xml:35:13-76
118            android:directBootAware="false"
118-->[androidx.profileinstaller:profileinstaller:1.3.0] AndroidManifest.xml:36:13-44
119            android:enabled="true"
119-->[androidx.profileinstaller:profileinstaller:1.3.0] AndroidManifest.xml:37:13-35
120            android:exported="true"
120-->[androidx.profileinstaller:profileinstaller:1.3.0] AndroidManifest.xml:38:13-36
121            android:permission="android.permission.DUMP" >
121-->[androidx.profileinstaller:profileinstaller:1.3.0] AndroidManifest.xml:39:13-57
122            <intent-filter>
122-->[androidx.profileinstaller:profileinstaller:1.3.0] AndroidManifest.xml:40:13-42:29
123                <action android:name="androidx.profileinstaller.action.INSTALL_PROFILE" />
123-->[androidx.profileinstaller:profileinstaller:1.3.0] AndroidManifest.xml:41:17-91
123-->[androidx.profileinstaller:profileinstaller:1.3.0] AndroidManifest.xml:41:25-88
124            </intent-filter>
125            <intent-filter>
125-->[androidx.profileinstaller:profileinstaller:1.3.0] AndroidManifest.xml:43:13-45:29
126                <action android:name="androidx.profileinstaller.action.SKIP_FILE" />
126-->[androidx.profileinstaller:profileinstaller:1.3.0] AndroidManifest.xml:44:17-85
126-->[androidx.profileinstaller:profileinstaller:1.3.0] AndroidManifest.xml:44:25-82
127            </intent-filter>
128            <intent-filter>
128-->[androidx.profileinstaller:profileinstaller:1.3.0] AndroidManifest.xml:46:13-48:29
129                <action android:name="androidx.profileinstaller.action.SAVE_PROFILE" />
129-->[androidx.profileinstaller:profileinstaller:1.3.0] AndroidManifest.xml:47:17-88
129-->[androidx.profileinstaller:profileinstaller:1.3.0] AndroidManifest.xml:47:25-85
130            </intent-filter>
131            <intent-filter>
131-->[androidx.profileinstaller:profileinstaller:1.3.0] AndroidManifest.xml:49:13-51:29
132                <action android:name="androidx.profileinstaller.action.BENCHMARK_OPERATION" />
132-->[androidx.profileinstaller:profileinstaller:1.3.0] AndroidManifest.xml:50:17-95
132-->[androidx.profileinstaller:profileinstaller:1.3.0] AndroidManifest.xml:50:25-92
133            </intent-filter>
134        </receiver>
135    </application>
136
137</manifest>